# JRE version: Java(TM) SE Runtime Environment (17.0.10+11) (build 17.0.10+11-LTS-240)
# Java VM: Java HotSpot(TM) 64-Bit Server VM (17.0.10+11-LTS-240, mixed mode, emulated-client, sharing, tiered, compressed oops, compressed class ptrs, g1 gc, windows-amd64)
GC Precious Log:
 CPUs: 16 total, 16 available
 Memory: 15556M
 Large Page Support: Disabled
 NUMA Support: Disabled
 Compressed Oops: Enabled (Zero based)
 Heap Region Size: 2M
 Heap Min Capacity: 8M
 Heap Initial Capacity: 244M
 Heap Max Capacity: 3890M
 Pre-touch: Disabled
 Parallel Workers: 13
 Concurrent Workers: 3
 Concurrent Refinement Workers: 13
 Periodic GC: Disabled
Heap:
 garbage-first heap   total 266240K, used 140077K [0x000000070ce00000, 0x0000000800000000)
  region size 2048K, 1 young (2048K), 1 survivors (2048K)
 Metaspace       used 63713K, committed 64320K, reserved 1114112K
  class space    used 9570K, committed 9856K, reserved 1048576K
GC Heap History (20 events):
Event: 7.230 GC heap after
{Heap after GC invocations=20 (full 0):
 garbage-first heap   total 129024K, used 61826K [0x000000070ce00000, 0x0000000800000000)
  region size 2048K, 3 young (6144K), 3 survivors (6144K)
 Metaspace       used 63710K, committed 64320K, reserved 1114112K
  class space    used 9570K, committed 9856K, reserved 1048576K
}
Event: 7.255 GC heap before
{Heap before GC invocations=20 (full 0):
 garbage-first heap   total 129024K, used 74114K [0x000000070ce00000, 0x0000000800000000)
  region size 2048K, 10 young (20480K), 3 survivors (6144K)
 Metaspace       used 63710K, committed 64320K, reserved 1114112K
  class space    used 9570K, committed 9856K, reserved 1048576K
}
Event: 7.261 GC heap after
{Heap after GC invocations=21 (full 0):
 garbage-first heap   total 129024K, used 68723K [0x000000070ce00000, 0x0000000800000000)
  region size 2048K, 3 young (6144K), 3 survivors (6144K)
 Metaspace       used 63710K, committed 64320K, reserved 1114112K
  class space    used 9570K, committed 9856K, reserved 1048576K
}
Event: 7.320 GC heap before
{Heap before GC invocations=22 (full 0):
 garbage-first heap   total 133120K, used 93299K [0x000000070ce00000, 0x0000000800000000)
  region size 2048K, 14 young (28672K), 3 survivors (6144K)
 Metaspace       used 63710K, committed 64320K, reserved 1114112K
  class space    used 9570K, committed 9856K, reserved 1048576K
}
Event: 7.325 GC heap after
{Heap after GC invocations=23 (full 0):
 garbage-first heap   total 133120K, used 72910K [0x000000070ce00000, 0x0000000800000000)
  region size 2048K, 2 young (4096K), 2 survivors (4096K)
 Metaspace       used 63710K, committed 64320K, reserved 1114112K
  class space    used 9570K, committed 9856K, reserved 1048576K
}
Event: 7.368 GC heap before
{Heap before GC invocations=23 (full 0):
 garbage-first heap   total 133120K, used 97486K [0x000000070ce00000, 0x0000000800000000)
  region size 2048K, 14 young (28672K), 2 survivors (4096K)
 Metaspace       used 63711K, committed 64320K, reserved 1114112K
  class space    used 9570K, committed 9856K, reserved 1048576K
}
Event: 7.371 GC heap after
{Heap after GC invocations=24 (full 0):
 garbage-first heap   total 133120K, used 75983K [0x000000070ce00000, 0x0000000800000000)
  region size 2048K, 2 young (4096K), 2 survivors (4096K)
 Metaspace       used 63711K, committed 64320K, reserved 1114112K
  class space    used 9570K, committed 9856K, reserved 1048576K
}
Event: 7.418 GC heap before
{Heap before GC invocations=24 (full 0):
 garbage-first heap   total 133120K, used 100559K [0x000000070ce00000, 0x0000000800000000)
  region size 2048K, 14 young (28672K), 2 survivors (4096K)
 Metaspace       used 63711K, committed 64320K, reserved 1114112K
  class space    used 9570K, committed 9856K, reserved 1048576K
}
Event: 7.424 GC heap after
{Heap after GC invocations=25 (full 0):
 garbage-first heap   total 266240K, used 84300K [0x000000070ce00000, 0x0000000800000000)
  region size 2048K, 2 young (4096K), 2 survivors (4096K)
 Metaspace       used 63711K, committed 64320K, reserved 1114112K
  class space    used 9570K, committed 9856K, reserved 1048576K
}
Event: 7.633 GC heap before
{Heap before GC invocations=26 (full 0):
 garbage-first heap   total 266240K, used 172364K [0x000000070ce00000, 0x0000000800000000)
  region size 2048K, 46 young (94208K), 2 survivors (4096K)
 Metaspace       used 63713K, committed 64320K, reserved 1114112K
  class space    used 9570K, committed 9856K, reserved 1048576K
}
Event: 7.652 GC heap after
{Heap after GC invocations=27 (full 0):
 garbage-first heap   total 266240K, used 115936K [0x000000070ce00000, 0x0000000800000000)
  region size 2048K, 6 young (12288K), 6 survivors (12288K)
 Metaspace       used 63713K, committed 64320K, reserved 1114112K
  class space    used 9570K, committed 9856K, reserved 1048576K
}
Event: 7.753 GC heap before
{Heap before GC invocations=27 (full 0):
 garbage-first heap   total 266240K, used 179424K [0x000000070ce00000, 0x0000000800000000)
  region size 2048K, 36 young (73728K), 6 survivors (12288K)
 Metaspace       used 63713K, committed 64320K, reserved 1114112K
  class space    used 9570K, committed 9856K, reserved 1048576K
}
Event: 7.768 GC heap after
{Heap after GC invocations=28 (full 0):
 garbage-first heap   total 266240K, used 138293K [0x000000070ce00000, 0x0000000800000000)
  region size 2048K, 5 young (10240K), 5 survivors (10240K)
 Metaspace       used 63713K, committed 64320K, reserved 1114112K
  class space    used 9570K, committed 9856K, reserved 1048576K
}
Event: 7.869 GC heap before
{Heap before GC invocations=28 (full 0):
 garbage-first heap   total 266240K, used 191541K [0x000000070ce00000, 0x0000000800000000)
  region size 2048K, 31 young (63488K), 5 survivors (10240K)
 Metaspace       used 63713K, committed 64320K, reserved 1114112K
  class space    used 9570K, committed 9856K, reserved 1048576K
}
Event: 7.882 GC heap after
{Heap after GC invocations=29 (full 0):
 garbage-first heap   total 266240K, used 153693K [0x000000070ce00000, 0x0000000800000000)
  region size 2048K, 4 young (8192K), 4 survivors (8192K)
 Metaspace       used 63713K, committed 64320K, reserved 1114112K
  class space    used 9570K, committed 9856K, reserved 1048576K
}
Event: 7.987 GC heap before
{Heap before GC invocations=30 (full 0):
 garbage-first heap   total 266240K, used 192605K [0x000000070ce00000, 0x0000000800000000)
  region size 2048K, 26 young (53248K), 4 survivors (8192K)
 Metaspace       used 63713K, committed 64320K, reserved 1114112K
  class space    used 9570K, committed 9856K, reserved 1048576K
}
Event: 7.999 GC heap after
{Heap after GC invocations=31 (full 0):
 garbage-first heap   total 266240K, used 162882K [0x000000070ce00000, 0x0000000800000000)
  region size 2048K, 4 young (8192K), 4 survivors (8192K)
 Metaspace       used 63713K, committed 64320K, reserved 1114112K
  class space    used 9570K, committed 9856K, reserved 1048576K
}
Event: 8.012 GC heap before
{Heap before GC invocations=31 (full 0):
 garbage-first heap   total 266240K, used 166978K [0x000000070ce00000, 0x0000000800000000)
  region size 2048K, 6 young (12288K), 4 survivors (8192K)
 Metaspace       used 63713K, committed 64320K, reserved 1114112K
  class space    used 9570K, committed 9856K, reserved 1048576K
}
Event: 8.022 GC heap after
{Heap after GC invocations=32 (full 0):
 garbage-first heap   total 266240K, used 139791K [0x000000070ce00000, 0x0000000800000000)
  region size 2048K, 1 young (2048K), 1 survivors (2048K)
 Metaspace       used 63713K, committed 64320K, reserved 1114112K
  class space    used 9570K, committed 9856K, reserved 1048576K
}
Event: 8.040 GC heap before
{Heap before GC invocations=32 (full 0):
 garbage-first heap   total 266240K, used 150031K [0x000000070ce00000, 0x0000000800000000)
  region size 2048K, 6 young (12288K), 1 survivors (2048K)
 Metaspace       used 63713K, committed 64320K, reserved 1114112K
  class space    used 9570K, committed 9856K, reserved 1048576K
}

